<?xml version="1.0" encoding="UTF-8"?>
<!-- Generated by org.testng.reporters.JUnitXMLReporter -->
<testsuite ignored="0" hostname="DESKTOP-DVOU1D4" failures="0" tests="4" name="Default test" time="8.607" errors="0" timestamp="2021-09-17T22:30:51 EDT">
  <testcase classname="uniTest.Priority_Google_Search" name="openBrowser" time="2.982"/>
  <testcase classname="uniTest.Priority_Google_Search" name="launchGoogle" time="3.935"/>
  <testcase classname="uniTest.Priority_Google_Search" name="peformSeachAndClick1stLink" time="1.601"/>
  <testcase classname="uniTest.Priority_Google_Search" name="FaceBookPageTitleVerification" time="0.017"/>
</testsuite> <!-- Default test -->
