<?xml version="1.0" encoding="UTF-8"?>
<testng-results ignored="0" total="4" passed="4" failed="0" skipped="0">
  <reporter-output>
  </reporter-output>
  <suite started-at="2021-09-17T22:30:42 EDT" name="Default suite" finished-at="2021-09-17T22:30:51 EDT" duration-ms="8607">
    <groups>
    </groups>
    <test started-at="2021-09-17T22:30:42 EDT" name="Default test" finished-at="2021-09-17T22:30:51 EDT" duration-ms="8607">
      <class name="uniTest.Priority_Google_Search">
        <test-method signature="openBrowser()[pri:1, instance:uniTest.Priority_Google_Search@3e6ef8ad]" started-at="2021-09-17T22:30:42 EDT" name="openBrowser" finished-at="2021-09-17T22:30:45 EDT" duration-ms="2982" status="PASS">
          <reporter-output>
          </reporter-output>
        </test-method> <!-- openBrowser -->
        <test-method signature="launchGoogle()[pri:2, instance:uniTest.Priority_Google_Search@3e6ef8ad]" started-at="2021-09-17T22:30:45 EDT" name="launchGoogle" finished-at="2021-09-17T22:30:49 EDT" duration-ms="3935" status="PASS">
          <reporter-output>
          </reporter-output>
        </test-method> <!-- launchGoogle -->
        <test-method signature="peformSeachAndClick1stLink()[pri:3, instance:uniTest.Priority_Google_Search@3e6ef8ad]" started-at="2021-09-17T22:30:49 EDT" name="peformSeachAndClick1stLink" finished-at="2021-09-17T22:30:51 EDT" duration-ms="1601" status="PASS">
          <reporter-output>
          </reporter-output>
        </test-method> <!-- peformSeachAndClick1stLink -->
        <test-method signature="FaceBookPageTitleVerification()[pri:4, instance:uniTest.Priority_Google_Search@3e6ef8ad]" started-at="2021-09-17T22:30:51 EDT" name="FaceBookPageTitleVerification" finished-at="2021-09-17T22:30:51 EDT" duration-ms="17" status="PASS">
          <reporter-output>
          </reporter-output>
        </test-method> <!-- FaceBookPageTitleVerification -->
      </class> <!-- uniTest.Priority_Google_Search -->
    </test> <!-- Default test -->
  </suite> <!-- Default suite -->
</testng-results>
